<?xml version="1.0" encoding="UTF-8"?>
<testsuite xmlns:xsi="http://www.w3.org/2001/XMLSchema-instance" xsi:schemaLocation="https://maven.apache.org/surefire/maven-surefire-plugin/xsd/surefire-test-report.xsd" name="trakeyerunner.TrakeyeTestRunner" time="41.67" tests="0" errors="0" skipped="0" failures="0">
  <properties>
    <property name="java.runtime.name" value="Java(TM) SE Runtime Environment"/>
    <property name="sun.boot.library.path" value="C:\Program Files (x86)\Java\jdk1.7.0_80\jre\bin"/>
    <property name="java.vm.version" value="24.80-b07"/>
    <property name="java.vm.vendor" value="Oracle Corporation"/>
    <property name="java.vendor.url" value="http://java.oracle.com/"/>
    <property name="path.separator" value=";"/>
    <property name="guice.disable.misplaced.annotation.check" value="true"/>
    <property name="java.vm.name" value="Java HotSpot(TM) Client VM"/>
    <property name="file.encoding.pkg" value="sun.io"/>
    <property name="user.script" value=""/>
    <property name="user.country" value="IN"/>
    <property name="sun.java.launcher" value="SUN_STANDARD"/>
    <property name="sun.os.patch.level" value="Service Pack 1"/>
    <property name="java.vm.specification.name" value="Java Virtual Machine Specification"/>
    <property name="user.dir" value="C:\Users\Admin\workspace\autotrakeye"/>
    <property name="java.runtime.version" value="1.7.0_80-ea-b05"/>
    <property name="java.awt.graphicsenv" value="sun.awt.Win32GraphicsEnvironment"/>
    <property name="java.endorsed.dirs" value="C:\Program Files (x86)\Java\jdk1.7.0_80\jre\lib\endorsed"/>
    <property name="os.arch" value="x86"/>
    <property name="java.io.tmpdir" value="C:\Users\Admin\AppData\Local\Temp\"/>
    <property name="line.separator" value="&#10;"/>
    <property name="java.vm.specification.vendor" value="Oracle Corporation"/>
    <property name="user.variant" value=""/>
    <property name="os.name" value="Windows 7"/>
    <property name="classworlds.conf" value="C:\Users\Admin\.hudson\tools\hudson.tasks.Maven_MavenInstallation\maven\bin\m2.conf"/>
    <property name="sun.jnu.encoding" value="Cp1252"/>
    <property name="java.library.path" value="C:\Program Files (x86)\Java\jdk1.7.0_80\bin;C:\Windows\Sun\Java\bin;C:\Windows\system32;C:\Windows;C:\Users\Admin\.hudson\tools\hudson.tasks.Maven_MavenInstallation\maven/bin;C:\Program Files (x86)\Java\jdk1.7.0_80/bin;C:\Program Files (x86)\Java\jdk1.7.0_80/bin;C:\ProgramData\Oracle\Java\javapath;C:\Program Files\Common Files\Microsoft Shared\Windows Live;C:\Program Files (x86)\Common Files\Microsoft Shared\Windows Live;C:\Windows\system32;C:\Windows;C:\Windows\System32\Wbem;C:\Windows\System32\WindowsPowerShell\v1.0\;C:\Program Files (x86)\Common Files\Lenovo;C:\Program Files (x86)\Common Files\Ulead Systems\MPEG;C:\Program Files (x86)\Windows Live\Shared;C:\SWTOOLS\ReadyApps;C:\Program Files\TortoiseGit\bin;C:\Ant\apache-ant-1.9.4\bin;C:\Windows\system32\config\systemprofile\bin;C:\Program Files\maven\bin;C:\Python27\;C:\Python27\Scripts;C:\trilead;C:\Users\Admin\Desktop\sikuli\libs;C:\robot\libs\sikuli-script.jar;C:\robot\libs\robotframework-2.8.1.jar;C:\Users\Admin\Desktop\sikulixsetup\libs;C:\Users\Admin\Desktop\sikulixlibs\libs\Lib\sikuli;c:\Program Files (x86)\Microsoft SQL Server\100\Tools\Binn\;c:\Program Files (x86)\Microsoft SQL Server\100\DTS\Binn\;C:\Program Files\Java\jdk1.8.0_05\bin;C:\jython2.5.4rc1\;C:\Users\Admin\Downloads\robotframework-2.8.7.jar;C:\Users\Admin\Desktop\RF.jar;C:\Program Files (x86)\File Viewer Lite\lib\magick;C:\Users\Admin\Desktop\vnturi\savings\report\ytdl;C:\Program Files\cURL\bin;C:\temp;C:\Users\Admin\AppData\Local\Android\android-sdk\tools\;C:\Users\Admin\AppData\Local\Android\android-sdk\platform-tools;C:\Program Files\nodejs\;C:\Users\Admin\Downloads\gatling-charts-highcharts-bundle-2.3.0-SNAPSHOT\bin;C:\Users\Admin\Downloads\desktop\sikuli2\libs;C:\Program Files (x86)\MySQL\MySQL Fabric 1.5 &amp; MySQL Utilities 1.5\;C:\Program Files (x86)\MySQL\MySQL Fabric 1.5 &amp; MySQL Utilities 1.5\Doctrine extensions for PHP\;C:\Users\Admin\Downloads\selenium-2.45.0\libs\libs;C:\Python27\;C:\Python27\Scripts\;C:\Users\Admin\AppData\Local\Android\android-sdk\;C:\Users\Admin\Downloads\geckodriver-v0.15.0-win64\;C:\Users\Admin\Downloads\svn-win32-1.8.17\svn-win32-1.8.17\bin;C:\Program Files\TortoiseSVN\bin;C:\Program Files\VisualSVN Server\bin;C:\Users\Admin\Downloads\desktop\sikuli\libs;C:\Users\Admin\Downloads\selenium-2.45.0\libs\libs;C:\Users\Admin\Downloads\selenium-java-2.53.0\selenium-2.53.0\libs\libs;C:\Program Files\SikuliX\libs;."/>
    <property name="java.specification.name" value="Java Platform API Specification"/>
    <property name="java.class.version" value="51.0"/>
    <property name="sun.management.compiler" value="HotSpot Client Compiler"/>
    <property name="os.version" value="6.1"/>
    <property name="user.home" value="C:\Users\Admin"/>
    <property name="user.timezone" value="Asia/Calcutta"/>
    <property name="java.awt.printerjob" value="sun.awt.windows.WPrinterJob"/>
    <property name="java.specification.version" value="1.7"/>
    <property name="file.encoding" value="Cp1252"/>
    <property name="user.name" value="Admin"/>
    <property name="java.class.path" value="C:\Users\Admin\.hudson\tools\hudson.tasks.Maven_MavenInstallation\maven\boot\plexus-classworlds-2.5.1.jar"/>
    <property name="java.vm.specification.version" value="1.7"/>
    <property name="sun.arch.data.model" value="32"/>
    <property name="java.home" value="C:\Program Files (x86)\Java\jdk1.7.0_80\jre"/>
    <property name="sun.java.command" value="org.codehaus.plexus.classworlds.launcher.Launcher compile test"/>
    <property name="java.specification.vendor" value="Oracle Corporation"/>
    <property name="user.language" value="en"/>
    <property name="awt.toolkit" value="sun.awt.windows.WToolkit"/>
    <property name="java.vm.info" value="mixed mode, sharing"/>
    <property name="java.version" value="1.7.0_80-ea"/>
    <property name="java.ext.dirs" value="C:\Program Files (x86)\Java\jdk1.7.0_80\jre\lib\ext;C:\Windows\Sun\Java\lib\ext"/>
    <property name="sun.boot.class.path" value="C:\Program Files (x86)\Java\jdk1.7.0_80\jre\lib\resources.jar;C:\Program Files (x86)\Java\jdk1.7.0_80\jre\lib\rt.jar;C:\Program Files (x86)\Java\jdk1.7.0_80\jre\lib\sunrsasign.jar;C:\Program Files (x86)\Java\jdk1.7.0_80\jre\lib\jsse.jar;C:\Program Files (x86)\Java\jdk1.7.0_80\jre\lib\jce.jar;C:\Program Files (x86)\Java\jdk1.7.0_80\jre\lib\charsets.jar;C:\Program Files (x86)\Java\jdk1.7.0_80\jre\lib\jfr.jar;C:\Program Files (x86)\Java\jdk1.7.0_80\jre\classes"/>
    <property name="java.vendor" value="Oracle Corporation"/>
    <property name="maven.home" value="C:\Users\Admin\.hudson\tools\hudson.tasks.Maven_MavenInstallation\maven"/>
    <property name="file.separator" value="\"/>
    <property name="java.vendor.url.bug" value="http://bugreport.sun.com/bugreport/"/>
    <property name="sun.cpu.endian" value="little"/>
    <property name="sun.io.unicode.encoding" value="UnicodeLittle"/>
    <property name="sun.desktop" value="windows"/>
    <property name="sun.cpu.isalist" value="pentium_pro+mmx pentium_pro pentium+mmx pentium i486 i386 i86"/>
  </properties>
</testsuite>